
> design-system-storybook@1.0.0 build-storybook
> storybook build --output-dir=/var/folders/lf/sd9jnnhs33l647b8nkh_b3yc0000gn/T/chromatic--56852-klAnY4W9t51c

[1m@storybook/core v8.6.18
[22m
info => Cleaning outputDir: [36m../../../../../var/folders/lf/sd9jnnhs33l647b8nkh_b3yc0000gn/T/chromatic--56852-klAnY4W9t51c[39m
info => Loading presets
info Found existing addon "@storybook/addon-toolbars", skipping.
info Found existing addon "@storybook/addon-toolbars", skipping.
info => Building manager..
info => Manager built ([38;2;181;126;229m68 ms[39m)
info => Building preview..
[36mvite v5.4.21 [32mbuilding for production...[36m[39m
transforming...
info => Copying static files: [36mpublic[39m at [36m../../../../../var/folders/lf/sd9jnnhs33l647b8nkh_b3yc0000gn/T/chromatic--56852-klAnY4W9t51c[39m
[32m✓[39m 112 modules transformed.
rendering chunks...
computing gzip size...
[2m../../../../../var/folders/lf/sd9jnnhs33l647b8nkh_b3yc0000gn/T/chromatic--56852-klAnY4W9t51c/[22m[32miframe.html                               [39m[1m[2m 17.57 kB[22m[1m[22m[2m │ gzip:   4.99 kB[22m
[2m../../../../../var/folders/lf/sd9jnnhs33l647b8nkh_b3yc0000gn/T/chromatic--56852-klAnY4W9t51c/[22m[2massets/[22m[36mreact-FmFgRqLi.js                  [39m[1m[2m  0.03 kB[22m[1m[22m[2m │ gzip:   0.05 kB[22m
[2m../../../../../var/folders/lf/sd9jnnhs33l647b8nkh_b3yc0000gn/T/chromatic--56852-klAnY4W9t51c/[22m[2massets/[22m[36mclient-uQQDTWrq.js                 [39m[1m[2m  0.09 kB[22m[1m[22m[2m │ gzip:   0.10 kB[22m
[2m../../../../../var/folders/lf/sd9jnnhs33l647b8nkh_b3yc0000gn/T/chromatic--56852-klAnY4W9t51c/[22m[2massets/[22m[36mpreview-CvbIS5ZJ.js                [39m[1m[2m  0.18 kB[22m[1m[22m[2m │ gzip:   0.16 kB[22m
[2m../../../../../var/folders/lf/sd9jnnhs33l647b8nkh_b3yc0000gn/T/chromatic--56852-klAnY4W9t51c/[22m[2massets/[22m[36mpreview-Do6hPy59.js                [39m[1m[2m  0.21 kB[22m[1m[22m[2m │ gzip:   0.17 kB[22m
[2m../../../../../var/folders/lf/sd9jnnhs33l647b8nkh_b3yc0000gn/T/chromatic--56852-klAnY4W9t51c/[22m[2massets/[22m[36mindex-RbKL8T8R.js                  [39m[1m[2m  0.42 kB[22m[1m[22m[2m │ gzip:   0.27 kB[22m
[2m../../../../../var/folders/lf/sd9jnnhs33l647b8nkh_b3yc0000gn/T/chromatic--56852-klAnY4W9t51c/[22m[2massets/[22m[36mchunk-XP5HYGXS-BHXC9YeQ.js         [39m[1m[2m  0.71 kB[22m[1m[22m[2m │ gzip:   0.40 kB[22m
[2m../../../../../var/folders/lf/sd9jnnhs33l647b8nkh_b3yc0000gn/T/chromatic--56852-klAnY4W9t51c/[22m[2massets/[22m[36mpreview-DGUiP6tS.js                [39m[1m[2m  0.71 kB[22m[1m[22m[2m │ gzip:   0.50 kB[22m
[2m../../../../../var/folders/lf/sd9jnnhs33l647b8nkh_b3yc0000gn/T/chromatic--56852-klAnY4W9t51c/[22m[2massets/[22m[36mindex-DrFu-skq.js                  [39m[1m[2m  0.77 kB[22m[1m[22m[2m │ gzip:   0.47 kB[22m
[2m../../../../../var/folders/lf/sd9jnnhs33l647b8nkh_b3yc0000gn/T/chromatic--56852-klAnY4W9t51c/[22m[2massets/[22m[36mreact-18-XgfSh4Fx.js               [39m[1m[2m  0.79 kB[22m[1m[22m[2m │ gzip:   0.47 kB[22m
[2m../../../../../var/folders/lf/sd9jnnhs33l647b8nkh_b3yc0000gn/T/chromatic--56852-klAnY4W9t51c/[22m[2massets/[22m[36mpreview-NJlRy1Gd.js                [39m[1m[2m  0.89 kB[22m[1m[22m[2m │ gzip:   0.57 kB[22m
[2m../../../../../var/folders/lf/sd9jnnhs33l647b8nkh_b3yc0000gn/T/chromatic--56852-klAnY4W9t51c/[22m[2massets/[22m[36mjsx-runtime-DFAAy_2V.js            [39m[1m[2m  0.92 kB[22m[1m[22m[2m │ gzip:   0.58 kB[22m
[2m../../../../../var/folders/lf/sd9jnnhs33l647b8nkh_b3yc0000gn/T/chromatic--56852-klAnY4W9t51c/[22m[2massets/[22m[36mpreview-DD_OYowb.js                [39m[1m[2m  3.51 kB[22m[1m[22m[2m │ gzip:   1.69 kB[22m
[2m../../../../../var/folders/lf/sd9jnnhs33l647b8nkh_b3yc0000gn/T/chromatic--56852-klAnY4W9t51c/[22m[2massets/[22m[36mpreview-B8lJiyuQ.js                [39m[1m[2m  5.06 kB[22m[1m[22m[2m │ gzip:   1.88 kB[22m
[2m../../../../../var/folders/lf/sd9jnnhs33l647b8nkh_b3yc0000gn/T/chromatic--56852-klAnY4W9t51c/[22m[2massets/[22m[36mBorders.stories-B3tV1YNI.js        [39m[1m[2m  5.69 kB[22m[1m[22m[2m │ gzip:   2.18 kB[22m
[2m../../../../../var/folders/lf/sd9jnnhs33l647b8nkh_b3yc0000gn/T/chromatic--56852-klAnY4W9t51c/[22m[2massets/[22m[36mSpacing.stories-CxHGGnGh.js        [39m[1m[2m  5.77 kB[22m[1m[22m[2m │ gzip:   2.51 kB[22m
[2m../../../../../var/folders/lf/sd9jnnhs33l647b8nkh_b3yc0000gn/T/chromatic--56852-klAnY4W9t51c/[22m[2massets/[22m[36mindex-Bc2G9s8g.js                  [39m[1m[2m  7.35 kB[22m[1m[22m[2m │ gzip:   2.96 kB[22m
[2m../../../../../var/folders/lf/sd9jnnhs33l647b8nkh_b3yc0000gn/T/chromatic--56852-klAnY4W9t51c/[22m[2massets/[22m[36mpreview-BWzBA1C2.js                [39m[1m[2m  7.62 kB[22m[1m[22m[2m │ gzip:   1.56 kB[22m
[2m../../../../../var/folders/lf/sd9jnnhs33l647b8nkh_b3yc0000gn/T/chromatic--56852-klAnY4W9t51c/[22m[2massets/[22m[36mpreview-BBWR9nbA.js                [39m[1m[2m  8.12 kB[22m[1m[22m[2m │ gzip:   3.10 kB[22m
[2m../../../../../var/folders/lf/sd9jnnhs33l647b8nkh_b3yc0000gn/T/chromatic--56852-klAnY4W9t51c/[22m[2massets/[22m[36mTypography.stories-Ccp_DR3c.js     [39m[1m[2m  8.56 kB[22m[1m[22m[2m │ gzip:   3.35 kB[22m
[2m../../../../../var/folders/lf/sd9jnnhs33l647b8nkh_b3yc0000gn/T/chromatic--56852-klAnY4W9t51c/[22m[2massets/[22m[36mtest-utils-BrwJTTPO.js             [39m[1m[2m 12.94 kB[22m[1m[22m[2m │ gzip:   5.03 kB[22m
[2m../../../../../var/folders/lf/sd9jnnhs33l647b8nkh_b3yc0000gn/T/chromatic--56852-klAnY4W9t51c/[22m[2massets/[22m[36mColorPalette.stories-C_K_crSL.js   [39m[1m[2m 28.86 kB[22m[1m[22m[2m │ gzip:   6.70 kB[22m
[2m../../../../../var/folders/lf/sd9jnnhs33l647b8nkh_b3yc0000gn/T/chromatic--56852-klAnY4W9t51c/[22m[2massets/[22m[36mColor-YHDXOIA2-DmZhdOw3.js         [39m[1m[2m 29.33 kB[22m[1m[22m[2m │ gzip:  11.05 kB[22m
[2m../../../../../var/folders/lf/sd9jnnhs33l647b8nkh_b3yc0000gn/T/chromatic--56852-klAnY4W9t51c/[22m[2massets/[22m[36mentry-preview-Cs6jMUyo.js          [39m[1m[2m 29.77 kB[22m[1m[22m[2m │ gzip:   9.53 kB[22m
[2m../../../../../var/folders/lf/sd9jnnhs33l647b8nkh_b3yc0000gn/T/chromatic--56852-klAnY4W9t51c/[22m[2massets/[22m[36mindex-BMdOMNXv.js                  [39m[1m[2m 57.14 kB[22m[1m[22m[2m │ gzip:  16.29 kB[22m
[2m../../../../../var/folders/lf/sd9jnnhs33l647b8nkh_b3yc0000gn/T/chromatic--56852-klAnY4W9t51c/[22m[2massets/[22m[36mindex-Dy83Z4lh.js                  [39m[1m[2m133.96 kB[22m[1m[22m[2m │ gzip:  43.14 kB[22m
[2m../../../../../var/folders/lf/sd9jnnhs33l647b8nkh_b3yc0000gn/T/chromatic--56852-klAnY4W9t51c/[22m[2massets/[22m[36miframe-2xJ_ZXfm.js                 [39m[1m[2m208.16 kB[22m[1m[22m[2m │ gzip:  71.73 kB[22m
[2m../../../../../var/folders/lf/sd9jnnhs33l647b8nkh_b3yc0000gn/T/chromatic--56852-klAnY4W9t51c/[22m[2massets/[22m[36mentry-preview-docs-C5CX_rLn.js     [39m[1m[2m244.67 kB[22m[1m[22m[2m │ gzip:  73.42 kB[22m
[2m../../../../../var/folders/lf/sd9jnnhs33l647b8nkh_b3yc0000gn/T/chromatic--56852-klAnY4W9t51c/[22m[2massets/[22m[36mDocsRenderer-CFRXHY34-Sa3jeHCa.js  [39m[1m[33m884.00 kB[39m[22m[2m │ gzip: 275.83 kB[22m
[32m✓ built in 1.84s[39m
info => Preview built ([38;2;181;126;229m2.28 s[39m)
info => Output directory: /var/folders/lf/sd9jnnhs33l647b8nkh_b3yc0000gn/T/chromatic--56852-klAnY4W9t51c
